<?xml version="1.0" encoding="UTF-8"?>
<!-- Generated by org.testng.reporters.JUnitXMLReporter -->
<testsuite hostname="Shankar-pc" name="Test" tests="14" failures="2" timestamp="5 Aug 2015 09:21:12 GMT" time="371.159" errors="0">
  <testcase name="testForgotPassword" time="22.574" classname="com.mrosupply.automation.ForgotPasswordTest"/>
  <testcase name="testRegistrationProcess" time="29.065" classname="com.mrosupply.automation.RegistrationProcessTest"/>
  <testcase name="testDeleteItemFromShoppingCartTest" time="32.745" classname="com.mrosupply.automation.DeleteItemFromShoppingCartTest"/>
  <testcase name="testAddItemToShoppingCartTest" time="18.458" classname="com.mrosupply.automation.AddItemToShoppingCartTest"/>
  <testcase name="testNoDuplicateItemInShoppingCart" time="29.979" classname="com.mrosupply.automation.NoDuplicateItemInShoppingCartTest"/>
  <testcase name="testAddQtyToCart" time="27.911" classname="com.mrosupply.automation.AddQtyToCart"/>
  <testcase name="testAddQtyToCart" time="30.293" classname="com.mrosupply.automation.AddQtyToCart"/>
  <testcase name="testAddQtyToCart" time="29.195" classname="com.mrosupply.automation.AddQtyToCart"/>
  <testcase name="testAddQtyToCart" time="27.837" classname="com.mrosupply.automation.AddQtyToCart"/>
  <testcase name="testAddQtyToCart" time="19.924" classname="com.mrosupply.automation.AddQtyToCart">
    <failure type="java.lang.AssertionError" message="Value inside quantity is not matching to the number of quantity added in the cart expected [true] but found [false]">
      <![CDATA[java.lang.AssertionError: Value inside quantity is not matching to the number of quantity added in the cart expected [true] but found [false]
	at com.mrosupply.automation.AddQtyToCart.testAddQtyToCart(AddQtyToCart.java:152)
... Removed 27 stack frames]]>
    </failure>
  </testcase> <!-- testAddQtyToCart -->
  <testcase name="testIncrementsOfQuantityOnly_1" time="23.322" classname="com.mrosupply.automation.IncrementsOfQuantityOnly_1_Test"/>
  <testcase name="testUnableToAddObsoleteItemInTheCart" time="16.952" classname="com.mrosupply.automation.UnableToAddObsoleteItemInTheCartTest"/>
  <testcase name="testItemsInCartFromProductDetailsPage" time="30.523" classname="com.mrosupply.automation.ItemsInCartFromProductDetailsPageTest"/>
  <testcase name="incrementsOfQuantityOnlyTest" time="32.238" classname="com.mrosupply.automation.IncrementsOfQuantityOnlyTest">
    <failure type="java.lang.AssertionError" message="This product can only be purchased in increments of 25 expected [true] but found [false]">
      <![CDATA[java.lang.AssertionError: This product can only be purchased in increments of 25 expected [true] but found [false]
	at com.mrosupply.automation.IncrementsOfQuantityOnlyTest.incrementsOfQuantityOnlyTest(IncrementsOfQuantityOnlyTest.java:159)
... Removed 27 stack frames]]>
    </failure>
  </testcase> <!-- incrementsOfQuantityOnlyTest -->
</testsuite> <!-- Test -->
