<html>
<head>
<title>TestNG:  Test</title>
<link href="../testng.css" rel="stylesheet" type="text/css" />
<link href="../my-testng.css" rel="stylesheet" type="text/css" />

<style type="text/css">
.log { display: none;} 
.stack-trace { display: none;} 
</style>
<script type="text/javascript">
<!--
function flip(e) {
  current = e.style.display;
  if (current == 'block') {
    e.style.display = 'none';
    return 0;
  }
  else {
    e.style.display = 'block';
    return 1;
  }
}

function toggleBox(szDivId, elem, msg1, msg2)
{
  var res = -1;  if (document.getElementById) {
    res = flip(document.getElementById(szDivId));
  }
  else if (document.all) {
    // this is the way old msie versions work
    res = flip(document.all[szDivId]);
  }
  if(elem) {
    if(res == 0) elem.innerHTML = msg1; else elem.innerHTML = msg2;
  }

}

function toggleAllBoxes() {
  if (document.getElementsByTagName) {
    d = document.getElementsByTagName('div');
    for (i = 0; i < d.length; i++) {
      if (d[i].className == 'log') {
        flip(d[i]);
      }
    }
  }
}

// -->
</script>

</head>
<body>
<h2 align='center'>Test</h2><table border='1' align="center">
<tr>
<td>Tests passed/Failed/Skipped:</td><td>2/12/0</td>
</tr><tr>
<td>Started on:</td><td>Tue Aug 04 11:25:09 IST 2015</td>
</tr>
<tr><td>Total time:</td><td>551 seconds (551938 ms)</td>
</tr><tr>
<td>Included groups:</td><td></td>
</tr><tr>
<td>Excluded groups:</td><td></td>
</tr>
</table><p/>
<small><i>(Hover the method name to see the test class name)</i></small><p/>
<table width='100%' border='1' class='invocation-failed'>
<tr><td colspan='4' align='center'><b>FAILED TESTS</b></td></tr>
<tr><td><b>Test method</b></td>
<td width="30%"><b>Exception</b></td>
<td width="10%"><b>Time (seconds)</b></td>
<td><b>Instance</b></td>
</tr>
<tr>
<td title='com.mrosupply.automation.IncrementsOfQuantityOnlyTest.incrementsOfQuantityOnlyTest()'><b>incrementsOfQuantityOnlyTest</b><br>Test class: com.mrosupply.automation.IncrementsOfQuantityOnlyTest<br/>
<a href="#Output-373378624" onClick='toggleBox("Output-373378624", this, "Show output", "Hide output");'>Show output</a>

<a href="#Output-373378624" onClick="toggleAllBoxes();">Show all outputs</a>
<div class='log' id="Output-373378624">
Searching for the Product with the ID 2265610 <br/>
Click On Search <br/>
Click on Add to Cart<br/>
Click on View Cart<br/>
Change item qty to 20<br/>
</div>
</td>
<td><div><pre>java.lang.AssertionError: Qty has not been changed successfully
	at com.mrosupply.automation.IncrementsOfQuantityOnlyTest.incrementsOfQuantityOnlyTest(IncrementsOfQuantityOnlyTest.java:83)
... Removed 25 stack frames</pre></div><a href='#' onClick='toggleBox("stack-trace373378624", this, "Click to show all stack frames", "Click to hide stack frames")'>Click to show all stack frames</a>
<div class='stack-trace' id='stack-trace373378624'><pre>java.lang.AssertionError: Qty has not been changed successfully
	at org.testng.Assert.fail(Assert.java:94)
	at com.mrosupply.automation.IncrementsOfQuantityOnlyTest.incrementsOfQuantityOnlyTest(IncrementsOfQuantityOnlyTest.java:83)
	at sun.reflect.NativeMethodAccessorImpl.invoke0(Native Method)
	at sun.reflect.NativeMethodAccessorImpl.invoke(Unknown Source)
	at sun.reflect.DelegatingMethodAccessorImpl.invoke(Unknown Source)
	at java.lang.reflect.Method.invoke(Unknown Source)
	at org.testng.internal.MethodInvocationHelper.invokeMethod(MethodInvocationHelper.java:85)
	at org.testng.internal.Invoker.invokeMethod(Invoker.java:659)
	at org.testng.internal.Invoker.invokeTestMethod(Invoker.java:845)
	at org.testng.internal.Invoker.invokeTestMethods(Invoker.java:1153)
	at org.testng.internal.TestMethodWorker.invokeTestMethods(TestMethodWorker.java:125)
	at org.testng.internal.TestMethodWorker.run(TestMethodWorker.java:108)
	at org.testng.TestRunner.privateRun(TestRunner.java:771)
	at org.testng.TestRunner.run(TestRunner.java:621)
	at org.testng.SuiteRunner.runTest(SuiteRunner.java:357)
	at org.testng.SuiteRunner.runSequentially(SuiteRunner.java:352)
	at org.testng.SuiteRunner.privateRun(SuiteRunner.java:310)
	at org.testng.SuiteRunner.run(SuiteRunner.java:259)
	at org.testng.SuiteRunnerWorker.runSuite(SuiteRunnerWorker.java:52)
	at org.testng.SuiteRunnerWorker.run(SuiteRunnerWorker.java:86)
	at org.testng.TestNG.runSuitesSequentially(TestNG.java:1199)
	at org.testng.TestNG.runSuitesLocally(TestNG.java:1124)
	at org.testng.TestNG.run(TestNG.java:1032)
	at org.testng.remote.RemoteTestNG.run(RemoteTestNG.java:111)
	at org.testng.remote.RemoteTestNG.initAndRun(RemoteTestNG.java:204)
	at org.testng.remote.RemoteTestNG.main(RemoteTestNG.java:175)
</pre></div></td>
<td>23</td>
<td>com.mrosupply.automation.IncrementsOfQuantityOnlyTest@21bcffb5</td></tr>
<tr>
<td title='com.mrosupply.automation.AddItemToShoppingCartTest.testAddItemToShoppingCartTest()'><b>testAddItemToShoppingCartTest</b><br>Test class: com.mrosupply.automation.AddItemToShoppingCartTest<br/>
<a href="#Output-474488818" onClick='toggleBox("Output-474488818", this, "Show output", "Hide output");'>Show output</a>

<a href="#Output-474488818" onClick="toggleAllBoxes();">Show all outputs</a>
<div class='log' id="Output-474488818">
Navigate to brands Link <br/>
Click Acme link<br/>
Record first item’s item id<br/>
</div>
</td>
<td><div><pre>java.lang.AssertionError: Caught Exception expected [true] but found [false]
	at com.mrosupply.automation.AddItemToShoppingCartTest.testAddItemToShoppingCartTest(AddItemToShoppingCartTest.java:102)
... Removed 27 stack frames</pre></div><a href='#' onClick='toggleBox("stack-trace474488818", this, "Click to show all stack frames", "Click to hide stack frames")'>Click to show all stack frames</a>
<div class='stack-trace' id='stack-trace474488818'><pre>java.lang.AssertionError: Caught Exception expected [true] but found [false]
	at org.testng.Assert.fail(Assert.java:94)
	at org.testng.Assert.failNotEquals(Assert.java:496)
	at org.testng.Assert.assertTrue(Assert.java:42)
	at com.mrosupply.automation.AddItemToShoppingCartTest.testAddItemToShoppingCartTest(AddItemToShoppingCartTest.java:102)
	at sun.reflect.NativeMethodAccessorImpl.invoke0(Native Method)
	at sun.reflect.NativeMethodAccessorImpl.invoke(Unknown Source)
	at sun.reflect.DelegatingMethodAccessorImpl.invoke(Unknown Source)
	at java.lang.reflect.Method.invoke(Unknown Source)
	at org.testng.internal.MethodInvocationHelper.invokeMethod(MethodInvocationHelper.java:85)
	at org.testng.internal.Invoker.invokeMethod(Invoker.java:659)
	at org.testng.internal.Invoker.invokeTestMethod(Invoker.java:845)
	at org.testng.internal.Invoker.invokeTestMethods(Invoker.java:1153)
	at org.testng.internal.TestMethodWorker.invokeTestMethods(TestMethodWorker.java:125)
	at org.testng.internal.TestMethodWorker.run(TestMethodWorker.java:108)
	at org.testng.TestRunner.privateRun(TestRunner.java:771)
	at org.testng.TestRunner.run(TestRunner.java:621)
	at org.testng.SuiteRunner.runTest(SuiteRunner.java:357)
	at org.testng.SuiteRunner.runSequentially(SuiteRunner.java:352)
	at org.testng.SuiteRunner.privateRun(SuiteRunner.java:310)
	at org.testng.SuiteRunner.run(SuiteRunner.java:259)
	at org.testng.SuiteRunnerWorker.runSuite(SuiteRunnerWorker.java:52)
	at org.testng.SuiteRunnerWorker.run(SuiteRunnerWorker.java:86)
	at org.testng.TestNG.runSuitesSequentially(TestNG.java:1199)
	at org.testng.TestNG.runSuitesLocally(TestNG.java:1124)
	at org.testng.TestNG.run(TestNG.java:1032)
	at org.testng.remote.RemoteTestNG.run(RemoteTestNG.java:111)
	at org.testng.remote.RemoteTestNG.initAndRun(RemoteTestNG.java:204)
	at org.testng.remote.RemoteTestNG.main(RemoteTestNG.java:175)
</pre></div></td>
<td>6</td>
<td>com.mrosupply.automation.AddItemToShoppingCartTest@13969fbe</td></tr>
<tr>
<td title='com.mrosupply.automation.AddQtyToCart.testAddQtyToCart()'><b>testAddQtyToCart</b><br>Test class: com.mrosupply.automation.AddQtyToCart<br>Parameters: 5<br/>
<a href="#Output-1097897234" onClick='toggleBox("Output-1097897234", this, "Show output", "Hide output");'>Show output</a>

<a href="#Output-1097897234" onClick="toggleAllBoxes();">Show all outputs</a>
<div class='log' id="Output-1097897234">
Navigate to brands link<br/>
Click Acme link<br/>
Record first item’s item id<br/>
Check QTY input field is displayed or not<br/>
Add quantity for the first item<br/>
Add to cart<br/>
Click on Cart<br/>
Verify cart contents matching recorded items id<br/>
</div>
</td>
<td><div><pre>java.lang.AssertionError: Caught Exception
 null expected [true] but found [false]
	at com.mrosupply.automation.AddQtyToCart.testAddQtyToCart(AddQtyToCart.java:188)
... Removed 27 stack frames</pre></div><a href='#' onClick='toggleBox("stack-trace1097897234", this, "Click to show all stack frames", "Click to hide stack frames")'>Click to show all stack frames</a>
<div class='stack-trace' id='stack-trace1097897234'><pre>java.lang.AssertionError: Caught Exception
 null expected [true] but found [false]
	at org.testng.Assert.fail(Assert.java:94)
	at org.testng.Assert.failNotEquals(Assert.java:496)
	at org.testng.Assert.assertTrue(Assert.java:42)
	at com.mrosupply.automation.AddQtyToCart.testAddQtyToCart(AddQtyToCart.java:188)
	at sun.reflect.NativeMethodAccessorImpl.invoke0(Native Method)
	at sun.reflect.NativeMethodAccessorImpl.invoke(Unknown Source)
	at sun.reflect.DelegatingMethodAccessorImpl.invoke(Unknown Source)
	at java.lang.reflect.Method.invoke(Unknown Source)
	at org.testng.internal.MethodInvocationHelper.invokeMethod(MethodInvocationHelper.java:85)
	at org.testng.internal.Invoker.invokeMethod(Invoker.java:659)
	at org.testng.internal.Invoker.invokeTestMethod(Invoker.java:845)
	at org.testng.internal.Invoker.invokeTestMethods(Invoker.java:1153)
	at org.testng.internal.TestMethodWorker.invokeTestMethods(TestMethodWorker.java:125)
	at org.testng.internal.TestMethodWorker.run(TestMethodWorker.java:108)
	at org.testng.TestRunner.privateRun(TestRunner.java:771)
	at org.testng.TestRunner.run(TestRunner.java:621)
	at org.testng.SuiteRunner.runTest(SuiteRunner.java:357)
	at org.testng.SuiteRunner.runSequentially(SuiteRunner.java:352)
	at org.testng.SuiteRunner.privateRun(SuiteRunner.java:310)
	at org.testng.SuiteRunner.run(SuiteRunner.java:259)
	at org.testng.SuiteRunnerWorker.runSuite(SuiteRunnerWorker.java:52)
	at org.testng.SuiteRunnerWorker.run(SuiteRunnerWorker.java:86)
	at org.testng.TestNG.runSuitesSequentially(TestNG.java:1199)
	at org.testng.TestNG.runSuitesLocally(TestNG.java:1124)
	at org.testng.TestNG.run(TestNG.java:1032)
	at org.testng.remote.RemoteTestNG.run(RemoteTestNG.java:111)
	at org.testng.remote.RemoteTestNG.initAndRun(RemoteTestNG.java:204)
	at org.testng.remote.RemoteTestNG.main(RemoteTestNG.java:175)
</pre></div></td>
<td>36</td>
<td>com.mrosupply.automation.AddQtyToCart@6aaa5eb0</td></tr>
<tr>
<td title='com.mrosupply.automation.AddQtyToCart.testAddQtyToCart()'><b>testAddQtyToCart</b><br>Test class: com.mrosupply.automation.AddQtyToCart<br>Parameters: 23<br/>
<a href="#Output-962944318" onClick='toggleBox("Output-962944318", this, "Show output", "Hide output");'>Show output</a>

<a href="#Output-962944318" onClick="toggleAllBoxes();">Show all outputs</a>
<div class='log' id="Output-962944318">
Navigate to brands link<br/>
Click Acme link<br/>
Record first item’s item id<br/>
Check QTY input field is displayed or not<br/>
Add quantity for the first item<br/>
Add to cart<br/>
Click on Cart<br/>
Verify cart contents matching recorded items id<br/>
</div>
</td>
<td><div><pre>java.lang.AssertionError: Caught Exception
 null expected [true] but found [false]
	at com.mrosupply.automation.AddQtyToCart.testAddQtyToCart(AddQtyToCart.java:188)
... Removed 27 stack frames</pre></div><a href='#' onClick='toggleBox("stack-trace962944318", this, "Click to show all stack frames", "Click to hide stack frames")'>Click to show all stack frames</a>
<div class='stack-trace' id='stack-trace962944318'><pre>java.lang.AssertionError: Caught Exception
 null expected [true] but found [false]
	at org.testng.Assert.fail(Assert.java:94)
	at org.testng.Assert.failNotEquals(Assert.java:496)
	at org.testng.Assert.assertTrue(Assert.java:42)
	at com.mrosupply.automation.AddQtyToCart.testAddQtyToCart(AddQtyToCart.java:188)
	at sun.reflect.NativeMethodAccessorImpl.invoke0(Native Method)
	at sun.reflect.NativeMethodAccessorImpl.invoke(Unknown Source)
	at sun.reflect.DelegatingMethodAccessorImpl.invoke(Unknown Source)
	at java.lang.reflect.Method.invoke(Unknown Source)
	at org.testng.internal.MethodInvocationHelper.invokeMethod(MethodInvocationHelper.java:85)
	at org.testng.internal.Invoker.invokeMethod(Invoker.java:659)
	at org.testng.internal.Invoker.invokeTestMethod(Invoker.java:845)
	at org.testng.internal.Invoker.invokeTestMethods(Invoker.java:1153)
	at org.testng.internal.TestMethodWorker.invokeTestMethods(TestMethodWorker.java:125)
	at org.testng.internal.TestMethodWorker.run(TestMethodWorker.java:108)
	at org.testng.TestRunner.privateRun(TestRunner.java:771)
	at org.testng.TestRunner.run(TestRunner.java:621)
	at org.testng.SuiteRunner.runTest(SuiteRunner.java:357)
	at org.testng.SuiteRunner.runSequentially(SuiteRunner.java:352)
	at org.testng.SuiteRunner.privateRun(SuiteRunner.java:310)
	at org.testng.SuiteRunner.run(SuiteRunner.java:259)
	at org.testng.SuiteRunnerWorker.runSuite(SuiteRunnerWorker.java:52)
	at org.testng.SuiteRunnerWorker.run(SuiteRunnerWorker.java:86)
	at org.testng.TestNG.runSuitesSequentially(TestNG.java:1199)
	at org.testng.TestNG.runSuitesLocally(TestNG.java:1124)
	at org.testng.TestNG.run(TestNG.java:1032)
	at org.testng.remote.RemoteTestNG.run(RemoteTestNG.java:111)
	at org.testng.remote.RemoteTestNG.initAndRun(RemoteTestNG.java:204)
	at org.testng.remote.RemoteTestNG.main(RemoteTestNG.java:175)
</pre></div></td>
<td>34</td>
<td>com.mrosupply.automation.AddQtyToCart@6aaa5eb0</td></tr>
<tr>
<td title='com.mrosupply.automation.AddQtyToCart.testAddQtyToCart()'><b>testAddQtyToCart</b><br>Test class: com.mrosupply.automation.AddQtyToCart<br>Parameters: 500<br/>
<a href="#Output-1407083101" onClick='toggleBox("Output-1407083101", this, "Show output", "Hide output");'>Show output</a>

<a href="#Output-1407083101" onClick="toggleAllBoxes();">Show all outputs</a>
<div class='log' id="Output-1407083101">
Navigate to brands link<br/>
Click Acme link<br/>
Record first item’s item id<br/>
</div>
</td>
<td><div><pre>java.lang.AssertionError: Caught Exception
 null expected [true] but found [false]
	at com.mrosupply.automation.AddQtyToCart.testAddQtyToCart(AddQtyToCart.java:188)
... Removed 27 stack frames</pre></div><a href='#' onClick='toggleBox("stack-trace1407083101", this, "Click to show all stack frames", "Click to hide stack frames")'>Click to show all stack frames</a>
<div class='stack-trace' id='stack-trace1407083101'><pre>java.lang.AssertionError: Caught Exception
 null expected [true] but found [false]
	at org.testng.Assert.fail(Assert.java:94)
	at org.testng.Assert.failNotEquals(Assert.java:496)
	at org.testng.Assert.assertTrue(Assert.java:42)
	at com.mrosupply.automation.AddQtyToCart.testAddQtyToCart(AddQtyToCart.java:188)
	at sun.reflect.NativeMethodAccessorImpl.invoke0(Native Method)
	at sun.reflect.NativeMethodAccessorImpl.invoke(Unknown Source)
	at sun.reflect.DelegatingMethodAccessorImpl.invoke(Unknown Source)
	at java.lang.reflect.Method.invoke(Unknown Source)
	at org.testng.internal.MethodInvocationHelper.invokeMethod(MethodInvocationHelper.java:85)
	at org.testng.internal.Invoker.invokeMethod(Invoker.java:659)
	at org.testng.internal.Invoker.invokeTestMethod(Invoker.java:845)
	at org.testng.internal.Invoker.invokeTestMethods(Invoker.java:1153)
	at org.testng.internal.TestMethodWorker.invokeTestMethods(TestMethodWorker.java:125)
	at org.testng.internal.TestMethodWorker.run(TestMethodWorker.java:108)
	at org.testng.TestRunner.privateRun(TestRunner.java:771)
	at org.testng.TestRunner.run(TestRunner.java:621)
	at org.testng.SuiteRunner.runTest(SuiteRunner.java:357)
	at org.testng.SuiteRunner.runSequentially(SuiteRunner.java:352)
	at org.testng.SuiteRunner.privateRun(SuiteRunner.java:310)
	at org.testng.SuiteRunner.run(SuiteRunner.java:259)
	at org.testng.SuiteRunnerWorker.runSuite(SuiteRunnerWorker.java:52)
	at org.testng.SuiteRunnerWorker.run(SuiteRunnerWorker.java:86)
	at org.testng.TestNG.runSuitesSequentially(TestNG.java:1199)
	at org.testng.TestNG.runSuitesLocally(TestNG.java:1124)
	at org.testng.TestNG.run(TestNG.java:1032)
	at org.testng.remote.RemoteTestNG.run(RemoteTestNG.java:111)
	at org.testng.remote.RemoteTestNG.initAndRun(RemoteTestNG.java:204)
	at org.testng.remote.RemoteTestNG.main(RemoteTestNG.java:175)
</pre></div></td>
<td>7</td>
<td>com.mrosupply.automation.AddQtyToCart@6aaa5eb0</td></tr>
<tr>
<td title='com.mrosupply.automation.AddQtyToCart.testAddQtyToCart()'><b>testAddQtyToCart</b><br>Test class: com.mrosupply.automation.AddQtyToCart<br>Parameters: 1000<br/>
<a href="#Output-382627885" onClick='toggleBox("Output-382627885", this, "Show output", "Hide output");'>Show output</a>

<a href="#Output-382627885" onClick="toggleAllBoxes();">Show all outputs</a>
<div class='log' id="Output-382627885">
Navigate to brands link<br/>
Click Acme link<br/>
Record first item’s item id<br/>
Check QTY input field is displayed or not<br/>
Add quantity for the first item<br/>
Add to cart<br/>
Click on Cart<br/>
Verify cart contents matching recorded items id<br/>
</div>
</td>
<td><div><pre>java.lang.AssertionError: Caught Exception
 null expected [true] but found [false]
	at com.mrosupply.automation.AddQtyToCart.testAddQtyToCart(AddQtyToCart.java:188)
... Removed 27 stack frames</pre></div><a href='#' onClick='toggleBox("stack-trace382627885", this, "Click to show all stack frames", "Click to hide stack frames")'>Click to show all stack frames</a>
<div class='stack-trace' id='stack-trace382627885'><pre>java.lang.AssertionError: Caught Exception
 null expected [true] but found [false]
	at org.testng.Assert.fail(Assert.java:94)
	at org.testng.Assert.failNotEquals(Assert.java:496)
	at org.testng.Assert.assertTrue(Assert.java:42)
	at com.mrosupply.automation.AddQtyToCart.testAddQtyToCart(AddQtyToCart.java:188)
	at sun.reflect.NativeMethodAccessorImpl.invoke0(Native Method)
	at sun.reflect.NativeMethodAccessorImpl.invoke(Unknown Source)
	at sun.reflect.DelegatingMethodAccessorImpl.invoke(Unknown Source)
	at java.lang.reflect.Method.invoke(Unknown Source)
	at org.testng.internal.MethodInvocationHelper.invokeMethod(MethodInvocationHelper.java:85)
	at org.testng.internal.Invoker.invokeMethod(Invoker.java:659)
	at org.testng.internal.Invoker.invokeTestMethod(Invoker.java:845)
	at org.testng.internal.Invoker.invokeTestMethods(Invoker.java:1153)
	at org.testng.internal.TestMethodWorker.invokeTestMethods(TestMethodWorker.java:125)
	at org.testng.internal.TestMethodWorker.run(TestMethodWorker.java:108)
	at org.testng.TestRunner.privateRun(TestRunner.java:771)
	at org.testng.TestRunner.run(TestRunner.java:621)
	at org.testng.SuiteRunner.runTest(SuiteRunner.java:357)
	at org.testng.SuiteRunner.runSequentially(SuiteRunner.java:352)
	at org.testng.SuiteRunner.privateRun(SuiteRunner.java:310)
	at org.testng.SuiteRunner.run(SuiteRunner.java:259)
	at org.testng.SuiteRunnerWorker.runSuite(SuiteRunnerWorker.java:52)
	at org.testng.SuiteRunnerWorker.run(SuiteRunnerWorker.java:86)
	at org.testng.TestNG.runSuitesSequentially(TestNG.java:1199)
	at org.testng.TestNG.runSuitesLocally(TestNG.java:1124)
	at org.testng.TestNG.run(TestNG.java:1032)
	at org.testng.remote.RemoteTestNG.run(RemoteTestNG.java:111)
	at org.testng.remote.RemoteTestNG.initAndRun(RemoteTestNG.java:204)
	at org.testng.remote.RemoteTestNG.main(RemoteTestNG.java:175)
</pre></div></td>
<td>23</td>
<td>com.mrosupply.automation.AddQtyToCart@6aaa5eb0</td></tr>
<tr>
<td title='com.mrosupply.automation.AddQtyToCart.testAddQtyToCart()'><b>testAddQtyToCart</b><br>Test class: com.mrosupply.automation.AddQtyToCart<br>Parameters: 10000<br/>
<a href="#Output-564272228" onClick='toggleBox("Output-564272228", this, "Show output", "Hide output");'>Show output</a>

<a href="#Output-564272228" onClick="toggleAllBoxes();">Show all outputs</a>
<div class='log' id="Output-564272228">
Navigate to brands link<br/>
Click Acme link<br/>
Record first item’s item id<br/>
</div>
</td>
<td><div><pre>java.lang.AssertionError: Caught Exception
 null expected [true] but found [false]
	at com.mrosupply.automation.AddQtyToCart.testAddQtyToCart(AddQtyToCart.java:188)
... Removed 27 stack frames</pre></div><a href='#' onClick='toggleBox("stack-trace564272228", this, "Click to show all stack frames", "Click to hide stack frames")'>Click to show all stack frames</a>
<div class='stack-trace' id='stack-trace564272228'><pre>java.lang.AssertionError: Caught Exception
 null expected [true] but found [false]
	at org.testng.Assert.fail(Assert.java:94)
	at org.testng.Assert.failNotEquals(Assert.java:496)
	at org.testng.Assert.assertTrue(Assert.java:42)
	at com.mrosupply.automation.AddQtyToCart.testAddQtyToCart(AddQtyToCart.java:188)
	at sun.reflect.NativeMethodAccessorImpl.invoke0(Native Method)
	at sun.reflect.NativeMethodAccessorImpl.invoke(Unknown Source)
	at sun.reflect.DelegatingMethodAccessorImpl.invoke(Unknown Source)
	at java.lang.reflect.Method.invoke(Unknown Source)
	at org.testng.internal.MethodInvocationHelper.invokeMethod(MethodInvocationHelper.java:85)
	at org.testng.internal.Invoker.invokeMethod(Invoker.java:659)
	at org.testng.internal.Invoker.invokeTestMethod(Invoker.java:845)
	at org.testng.internal.Invoker.invokeTestMethods(Invoker.java:1153)
	at org.testng.internal.TestMethodWorker.invokeTestMethods(TestMethodWorker.java:125)
	at org.testng.internal.TestMethodWorker.run(TestMethodWorker.java:108)
	at org.testng.TestRunner.privateRun(TestRunner.java:771)
	at org.testng.TestRunner.run(TestRunner.java:621)
	at org.testng.SuiteRunner.runTest(SuiteRunner.java:357)
	at org.testng.SuiteRunner.runSequentially(SuiteRunner.java:352)
	at org.testng.SuiteRunner.privateRun(SuiteRunner.java:310)
	at org.testng.SuiteRunner.run(SuiteRunner.java:259)
	at org.testng.SuiteRunnerWorker.runSuite(SuiteRunnerWorker.java:52)
	at org.testng.SuiteRunnerWorker.run(SuiteRunnerWorker.java:86)
	at org.testng.TestNG.runSuitesSequentially(TestNG.java:1199)
	at org.testng.TestNG.runSuitesLocally(TestNG.java:1124)
	at org.testng.TestNG.run(TestNG.java:1032)
	at org.testng.remote.RemoteTestNG.run(RemoteTestNG.java:111)
	at org.testng.remote.RemoteTestNG.initAndRun(RemoteTestNG.java:204)
	at org.testng.remote.RemoteTestNG.main(RemoteTestNG.java:175)
</pre></div></td>
<td>8</td>
<td>com.mrosupply.automation.AddQtyToCart@6aaa5eb0</td></tr>
<tr>
<td title='com.mrosupply.automation.DeleteItemFromShoppingCartTest.testDeleteItemFromShoppingCartTest()'><b>testDeleteItemFromShoppingCartTest</b><br>Test class: com.mrosupply.automation.DeleteItemFromShoppingCartTest<br/>
<a href="#Output-1402215471" onClick='toggleBox("Output-1402215471", this, "Show output", "Hide output");'>Show output</a>

<a href="#Output-1402215471" onClick="toggleAllBoxes();">Show all outputs</a>
<div class='log' id="Output-1402215471">
Navigate to Brands link <br/>
Click Acme link<br/>
Record First item’s item id<br/>
<br/>
Add to cart<br/>
Click on Cart<br/>
Verify cart contents matching recorded items id<br/>
</div>
</td>
<td><div><pre>java.lang.AssertionError: Caught Exception expected [true] but found [false]
	at com.mrosupply.automation.DeleteItemFromShoppingCartTest.testDeleteItemFromShoppingCartTest(DeleteItemFromShoppingCartTest.java:97)
... Removed 27 stack frames</pre></div><a href='#' onClick='toggleBox("stack-trace1402215471", this, "Click to show all stack frames", "Click to hide stack frames")'>Click to show all stack frames</a>
<div class='stack-trace' id='stack-trace1402215471'><pre>java.lang.AssertionError: Caught Exception expected [true] but found [false]
	at org.testng.Assert.fail(Assert.java:94)
	at org.testng.Assert.failNotEquals(Assert.java:496)
	at org.testng.Assert.assertTrue(Assert.java:42)
	at com.mrosupply.automation.DeleteItemFromShoppingCartTest.testDeleteItemFromShoppingCartTest(DeleteItemFromShoppingCartTest.java:97)
	at sun.reflect.NativeMethodAccessorImpl.invoke0(Native Method)
	at sun.reflect.NativeMethodAccessorImpl.invoke(Unknown Source)
	at sun.reflect.DelegatingMethodAccessorImpl.invoke(Unknown Source)
	at java.lang.reflect.Method.invoke(Unknown Source)
	at org.testng.internal.MethodInvocationHelper.invokeMethod(MethodInvocationHelper.java:85)
	at org.testng.internal.Invoker.invokeMethod(Invoker.java:659)
	at org.testng.internal.Invoker.invokeTestMethod(Invoker.java:845)
	at org.testng.internal.Invoker.invokeTestMethods(Invoker.java:1153)
	at org.testng.internal.TestMethodWorker.invokeTestMethods(TestMethodWorker.java:125)
	at org.testng.internal.TestMethodWorker.run(TestMethodWorker.java:108)
	at org.testng.TestRunner.privateRun(TestRunner.java:771)
	at org.testng.TestRunner.run(TestRunner.java:621)
	at org.testng.SuiteRunner.runTest(SuiteRunner.java:357)
	at org.testng.SuiteRunner.runSequentially(SuiteRunner.java:352)
	at org.testng.SuiteRunner.privateRun(SuiteRunner.java:310)
	at org.testng.SuiteRunner.run(SuiteRunner.java:259)
	at org.testng.SuiteRunnerWorker.runSuite(SuiteRunnerWorker.java:52)
	at org.testng.SuiteRunnerWorker.run(SuiteRunnerWorker.java:86)
	at org.testng.TestNG.runSuitesSequentially(TestNG.java:1199)
	at org.testng.TestNG.runSuitesLocally(TestNG.java:1124)
	at org.testng.TestNG.run(TestNG.java:1032)
	at org.testng.remote.RemoteTestNG.run(RemoteTestNG.java:111)
	at org.testng.remote.RemoteTestNG.initAndRun(RemoteTestNG.java:204)
	at org.testng.remote.RemoteTestNG.main(RemoteTestNG.java:175)
</pre></div></td>
<td>31</td>
<td>com.mrosupply.automation.DeleteItemFromShoppingCartTest@6cd8737</td></tr>
<tr>
<td title='com.mrosupply.automation.IncrementsOfQuantityOnly_1_Test.testIncrementsOfQuantityOnly_1()'><b>testIncrementsOfQuantityOnly_1</b><br>Test class: com.mrosupply.automation.IncrementsOfQuantityOnly_1_Test<br/>
<a href="#Output-452842611" onClick='toggleBox("Output-452842611", this, "Show output", "Hide output");'>Show output</a>

<a href="#Output-452842611" onClick="toggleAllBoxes();">Show all outputs</a>
<div class='log' id="Output-452842611">
Click on 'Brands' link<br/>
Click 'Acme' link<br/>
Record first item’s item id<br/>
Add to cart<br/>
Click on Cart button<br/>
Change item qty to 0<br/>
</div>
</td>
<td><div><pre>java.lang.AssertionError: Text has not been successfully added into qty_search field
	at com.mrosupply.automation.IncrementsOfQuantityOnly_1_Test.testIncrementsOfQuantityOnly_1(IncrementsOfQuantityOnly_1_Test.java:80)
... Removed 25 stack frames</pre></div><a href='#' onClick='toggleBox("stack-trace452842611", this, "Click to show all stack frames", "Click to hide stack frames")'>Click to show all stack frames</a>
<div class='stack-trace' id='stack-trace452842611'><pre>java.lang.AssertionError: Text has not been successfully added into qty_search field
	at org.testng.Assert.fail(Assert.java:94)
	at com.mrosupply.automation.IncrementsOfQuantityOnly_1_Test.testIncrementsOfQuantityOnly_1(IncrementsOfQuantityOnly_1_Test.java:80)
	at sun.reflect.NativeMethodAccessorImpl.invoke0(Native Method)
	at sun.reflect.NativeMethodAccessorImpl.invoke(Unknown Source)
	at sun.reflect.DelegatingMethodAccessorImpl.invoke(Unknown Source)
	at java.lang.reflect.Method.invoke(Unknown Source)
	at org.testng.internal.MethodInvocationHelper.invokeMethod(MethodInvocationHelper.java:85)
	at org.testng.internal.Invoker.invokeMethod(Invoker.java:659)
	at org.testng.internal.Invoker.invokeTestMethod(Invoker.java:845)
	at org.testng.internal.Invoker.invokeTestMethods(Invoker.java:1153)
	at org.testng.internal.TestMethodWorker.invokeTestMethods(TestMethodWorker.java:125)
	at org.testng.internal.TestMethodWorker.run(TestMethodWorker.java:108)
	at org.testng.TestRunner.privateRun(TestRunner.java:771)
	at org.testng.TestRunner.run(TestRunner.java:621)
	at org.testng.SuiteRunner.runTest(SuiteRunner.java:357)
	at org.testng.SuiteRunner.runSequentially(SuiteRunner.java:352)
	at org.testng.SuiteRunner.privateRun(SuiteRunner.java:310)
	at org.testng.SuiteRunner.run(SuiteRunner.java:259)
	at org.testng.SuiteRunnerWorker.runSuite(SuiteRunnerWorker.java:52)
	at org.testng.SuiteRunnerWorker.run(SuiteRunnerWorker.java:86)
	at org.testng.TestNG.runSuitesSequentially(TestNG.java:1199)
	at org.testng.TestNG.runSuitesLocally(TestNG.java:1124)
	at org.testng.TestNG.run(TestNG.java:1032)
	at org.testng.remote.RemoteTestNG.run(RemoteTestNG.java:111)
	at org.testng.remote.RemoteTestNG.initAndRun(RemoteTestNG.java:204)
	at org.testng.remote.RemoteTestNG.main(RemoteTestNG.java:175)
</pre></div></td>
<td>25</td>
<td>com.mrosupply.automation.IncrementsOfQuantityOnly_1_Test@3d8c7aca</td></tr>
<tr>
<td title='com.mrosupply.automation.ItemsInCartFromProductDetailsPageTest.testItemsInCartFromProductDetailsPage()'><b>testItemsInCartFromProductDetailsPage</b><br>Test class: com.mrosupply.automation.ItemsInCartFromProductDetailsPageTest<br/>
<a href="#Output-896072146" onClick='toggleBox("Output-896072146", this, "Show output", "Hide output");'>Show output</a>

<a href="#Output-896072146" onClick="toggleAllBoxes();">Show all outputs</a>
<div class='log' id="Output-896072146">
Navigate to brands link<br/>
Click Acme link<br/>
Record First item’s item id<br/>
</div>
</td>
<td><div><pre>java.lang.AssertionError: Caught Exception expected [true] but found [false]
	at com.mrosupply.automation.ItemsInCartFromProductDetailsPageTest.testItemsInCartFromProductDetailsPage(ItemsInCartFromProductDetailsPageTest.java:118)
... Removed 27 stack frames</pre></div><a href='#' onClick='toggleBox("stack-trace896072146", this, "Click to show all stack frames", "Click to hide stack frames")'>Click to show all stack frames</a>
<div class='stack-trace' id='stack-trace896072146'><pre>java.lang.AssertionError: Caught Exception expected [true] but found [false]
	at org.testng.Assert.fail(Assert.java:94)
	at org.testng.Assert.failNotEquals(Assert.java:496)
	at org.testng.Assert.assertTrue(Assert.java:42)
	at com.mrosupply.automation.ItemsInCartFromProductDetailsPageTest.testItemsInCartFromProductDetailsPage(ItemsInCartFromProductDetailsPageTest.java:118)
	at sun.reflect.NativeMethodAccessorImpl.invoke0(Native Method)
	at sun.reflect.NativeMethodAccessorImpl.invoke(Unknown Source)
	at sun.reflect.DelegatingMethodAccessorImpl.invoke(Unknown Source)
	at java.lang.reflect.Method.invoke(Unknown Source)
	at org.testng.internal.MethodInvocationHelper.invokeMethod(MethodInvocationHelper.java:85)
	at org.testng.internal.Invoker.invokeMethod(Invoker.java:659)
	at org.testng.internal.Invoker.invokeTestMethod(Invoker.java:845)
	at org.testng.internal.Invoker.invokeTestMethods(Invoker.java:1153)
	at org.testng.internal.TestMethodWorker.invokeTestMethods(TestMethodWorker.java:125)
	at org.testng.internal.TestMethodWorker.run(TestMethodWorker.java:108)
	at org.testng.TestRunner.privateRun(TestRunner.java:771)
	at org.testng.TestRunner.run(TestRunner.java:621)
	at org.testng.SuiteRunner.runTest(SuiteRunner.java:357)
	at org.testng.SuiteRunner.runSequentially(SuiteRunner.java:352)
	at org.testng.SuiteRunner.privateRun(SuiteRunner.java:310)
	at org.testng.SuiteRunner.run(SuiteRunner.java:259)
	at org.testng.SuiteRunnerWorker.runSuite(SuiteRunnerWorker.java:52)
	at org.testng.SuiteRunnerWorker.run(SuiteRunnerWorker.java:86)
	at org.testng.TestNG.runSuitesSequentially(TestNG.java:1199)
	at org.testng.TestNG.runSuitesLocally(TestNG.java:1124)
	at org.testng.TestNG.run(TestNG.java:1032)
	at org.testng.remote.RemoteTestNG.run(RemoteTestNG.java:111)
	at org.testng.remote.RemoteTestNG.initAndRun(RemoteTestNG.java:204)
	at org.testng.remote.RemoteTestNG.main(RemoteTestNG.java:175)
</pre></div></td>
<td>8</td>
<td>com.mrosupply.automation.ItemsInCartFromProductDetailsPageTest@22f71333</td></tr>
<tr>
<td title='com.mrosupply.automation.NoDuplicateItemInShoppingCartTest.testNoDuplicateItemInShoppingCart()'><b>testNoDuplicateItemInShoppingCart</b><br>Test class: com.mrosupply.automation.NoDuplicateItemInShoppingCartTest<br/>
<a href="#Output-318353283" onClick='toggleBox("Output-318353283", this, "Show output", "Hide output");'>Show output</a>

<a href="#Output-318353283" onClick="toggleAllBoxes();">Show all outputs</a>
<div class='log' id="Output-318353283">
Emptying the cart before the test<br/>
Navigate to brands link<br/>
Click Acme link<br/>
Add to cart<br/>
Verify that 'Product added to your cart' message displays<br/>
</div>
</td>
<td><div><pre>java.lang.AssertionError: Caught Exception expected [true] but found [false]
	at com.mrosupply.automation.NoDuplicateItemInShoppingCartTest.testNoDuplicateItemInShoppingCart(NoDuplicateItemInShoppingCartTest.java:101)
... Removed 27 stack frames</pre></div><a href='#' onClick='toggleBox("stack-trace318353283", this, "Click to show all stack frames", "Click to hide stack frames")'>Click to show all stack frames</a>
<div class='stack-trace' id='stack-trace318353283'><pre>java.lang.AssertionError: Caught Exception expected [true] but found [false]
	at org.testng.Assert.fail(Assert.java:94)
	at org.testng.Assert.failNotEquals(Assert.java:496)
	at org.testng.Assert.assertTrue(Assert.java:42)
	at com.mrosupply.automation.NoDuplicateItemInShoppingCartTest.testNoDuplicateItemInShoppingCart(NoDuplicateItemInShoppingCartTest.java:101)
	at sun.reflect.NativeMethodAccessorImpl.invoke0(Native Method)
	at sun.reflect.NativeMethodAccessorImpl.invoke(Unknown Source)
	at sun.reflect.DelegatingMethodAccessorImpl.invoke(Unknown Source)
	at java.lang.reflect.Method.invoke(Unknown Source)
	at org.testng.internal.MethodInvocationHelper.invokeMethod(MethodInvocationHelper.java:85)
	at org.testng.internal.Invoker.invokeMethod(Invoker.java:659)
	at org.testng.internal.Invoker.invokeTestMethod(Invoker.java:845)
	at org.testng.internal.Invoker.invokeTestMethods(Invoker.java:1153)
	at org.testng.internal.TestMethodWorker.invokeTestMethods(TestMethodWorker.java:125)
	at org.testng.internal.TestMethodWorker.run(TestMethodWorker.java:108)
	at org.testng.TestRunner.privateRun(TestRunner.java:771)
	at org.testng.TestRunner.run(TestRunner.java:621)
	at org.testng.SuiteRunner.runTest(SuiteRunner.java:357)
	at org.testng.SuiteRunner.runSequentially(SuiteRunner.java:352)
	at org.testng.SuiteRunner.privateRun(SuiteRunner.java:310)
	at org.testng.SuiteRunner.run(SuiteRunner.java:259)
	at org.testng.SuiteRunnerWorker.runSuite(SuiteRunnerWorker.java:52)
	at org.testng.SuiteRunnerWorker.run(SuiteRunnerWorker.java:86)
	at org.testng.TestNG.runSuitesSequentially(TestNG.java:1199)
	at org.testng.TestNG.runSuitesLocally(TestNG.java:1124)
	at org.testng.TestNG.run(TestNG.java:1032)
	at org.testng.remote.RemoteTestNG.run(RemoteTestNG.java:111)
	at org.testng.remote.RemoteTestNG.initAndRun(RemoteTestNG.java:204)
	at org.testng.remote.RemoteTestNG.main(RemoteTestNG.java:175)
</pre></div></td>
<td>289</td>
<td>com.mrosupply.automation.NoDuplicateItemInShoppingCartTest@7a0ac6e3</td></tr>
<tr>
<td title='com.mrosupply.automation.RegistrationProcessTest.testRegistrationProcess()'><b>testRegistrationProcess</b><br>Test class: com.mrosupply.automation.RegistrationProcessTest<br>Parameters: earth533, earth533, Abhik, Khandelwal, 1111111111, Btm Layout, Anchorage, 99501<br/>
<a href="#Output-735085430" onClick='toggleBox("Output-735085430", this, "Show output", "Hide output");'>Show output</a>

<a href="#Output-735085430" onClick="toggleAllBoxes();">Show all outputs</a>
<div class='log' id="Output-735085430">
Click 'Register' <br/>
User info : Filling  info for Registration step 1<br/>
User info : Successfully Filled  info for Registration step 1<br/>
Click Next<br/>
Shipping Info:  Fill in info for Registration step 2<br/>
</div>
</td>
<td><div><pre>java.lang.AssertionError: 2nd step - Text has not been entered into FirstName text field
	at com.mrosupply.automation.RegistrationProcessTest.testRegistrationProcess(RegistrationProcessTest.java:122)
... Removed 25 stack frames</pre></div><a href='#' onClick='toggleBox("stack-trace735085430", this, "Click to show all stack frames", "Click to hide stack frames")'>Click to show all stack frames</a>
<div class='stack-trace' id='stack-trace735085430'><pre>java.lang.AssertionError: 2nd step - Text has not been entered into FirstName text field
	at org.testng.Assert.fail(Assert.java:94)
	at com.mrosupply.automation.RegistrationProcessTest.testRegistrationProcess(RegistrationProcessTest.java:122)
	at sun.reflect.NativeMethodAccessorImpl.invoke0(Native Method)
	at sun.reflect.NativeMethodAccessorImpl.invoke(Unknown Source)
	at sun.reflect.DelegatingMethodAccessorImpl.invoke(Unknown Source)
	at java.lang.reflect.Method.invoke(Unknown Source)
	at org.testng.internal.MethodInvocationHelper.invokeMethod(MethodInvocationHelper.java:85)
	at org.testng.internal.Invoker.invokeMethod(Invoker.java:659)
	at org.testng.internal.Invoker.invokeTestMethod(Invoker.java:845)
	at org.testng.internal.Invoker.invokeTestMethods(Invoker.java:1153)
	at org.testng.internal.TestMethodWorker.invokeTestMethods(TestMethodWorker.java:125)
	at org.testng.internal.TestMethodWorker.run(TestMethodWorker.java:108)
	at org.testng.TestRunner.privateRun(TestRunner.java:771)
	at org.testng.TestRunner.run(TestRunner.java:621)
	at org.testng.SuiteRunner.runTest(SuiteRunner.java:357)
	at org.testng.SuiteRunner.runSequentially(SuiteRunner.java:352)
	at org.testng.SuiteRunner.privateRun(SuiteRunner.java:310)
	at org.testng.SuiteRunner.run(SuiteRunner.java:259)
	at org.testng.SuiteRunnerWorker.runSuite(SuiteRunnerWorker.java:52)
	at org.testng.SuiteRunnerWorker.run(SuiteRunnerWorker.java:86)
	at org.testng.TestNG.runSuitesSequentially(TestNG.java:1199)
	at org.testng.TestNG.runSuitesLocally(TestNG.java:1124)
	at org.testng.TestNG.run(TestNG.java:1032)
	at org.testng.remote.RemoteTestNG.run(RemoteTestNG.java:111)
	at org.testng.remote.RemoteTestNG.initAndRun(RemoteTestNG.java:204)
	at org.testng.remote.RemoteTestNG.main(RemoteTestNG.java:175)
</pre></div></td>
<td>27</td>
<td>com.mrosupply.automation.RegistrationProcessTest@1a407d53</td></tr>
</table><p>
<table width='100%' border='1' class='invocation-passed'>
<tr><td colspan='4' align='center'><b>PASSED TESTS</b></td></tr>
<tr><td><b>Test method</b></td>
<td width="30%"><b>Exception</b></td>
<td width="10%"><b>Time (seconds)</b></td>
<td><b>Instance</b></td>
</tr>
<tr>
<td title='com.mrosupply.automation.ForgotPasswordTest.testForgotPassword()'><b>testForgotPassword</b><br>Test class: com.mrosupply.automation.ForgotPasswordTest<br/>
<a href="#Output-41031373" onClick='toggleBox("Output-41031373", this, "Show output", "Hide output");'>Show output</a>

<a href="#Output-41031373" onClick="toggleAllBoxes();">Show all outputs</a>
<div class='log' id="Output-41031373">
Click on Sign-in button<br/>
Click on 'Click  Here'<br/>
Enter Mail Id<br/>
click on Reset button<br/>
Verify that ‘Email with further instructions about password reset has been sent' is displayed<br/>
</div>
</td>
<td></td>
<td>22</td>
<td>com.mrosupply.automation.ForgotPasswordTest@380fb434</td></tr>
<tr>
<td title='com.mrosupply.automation.UnableToAddObsoleteItemInTheCartTest.testUnableToAddObsoleteItemInTheCart()'><b>testUnableToAddObsoleteItemInTheCart</b><br>Test class: com.mrosupply.automation.UnableToAddObsoleteItemInTheCartTest<br/>
<a href="#Output-2059461664" onClick='toggleBox("Output-2059461664", this, "Show output", "Hide output");'>Show output</a>

<a href="#Output-2059461664" onClick="toggleAllBoxes();">Show all outputs</a>
<div class='log' id="Output-2059461664">
Navigate to MRO Supply Website<br/>
Search after an Obsolete item (our case 672155 )<br/>
Try to add item to cart and Verify that is not possible<br/>
Finishing the 8th test Unable To Add Obsolete Item In The Cart<br/>
</div>
</td>
<td></td>
<td>5</td>
<td>com.mrosupply.automation.UnableToAddObsoleteItemInTheCartTest@5ebec15</td></tr>
</table><p>
</body>
</html>