<?xml version="1.0" encoding="UTF-8"?>
<!-- Generated by org.testng.reporters.JUnitReportReporter -->
<testsuite hostname="Shankar-pc" name="com.mrosupply.automation.AddQtyToCart" tests="5" failures="1" timestamp="5 Aug 2015 09:21:12 GMT" time="135.160" errors="0">
  <testcase name="testAddQtyToCart" time="30.293" classname="com.mrosupply.automation.AddQtyToCart"/>
  <testcase name="testAddQtyToCart" time="27.911" classname="com.mrosupply.automation.AddQtyToCart"/>
  <testcase name="testAddQtyToCart" time="27.837" classname="com.mrosupply.automation.AddQtyToCart"/>
  <testcase name="testAddQtyToCart" time="29.195" classname="com.mrosupply.automation.AddQtyToCart"/>
  <testcase name="testAddQtyToCart" time="19.924" classname="com.mrosupply.automation.AddQtyToCart">
    <failure type="java.lang.AssertionError" message="Value inside quantity is not matching to the number of quantity added in the cart expected [true] but found [false]">
      <![CDATA[java.lang.AssertionError: Value inside quantity is not matching to the number of quantity added in the cart expected [true] but found [false]
	at org.testng.Assert.fail(Assert.java:94)
	at org.testng.Assert.failNotEquals(Assert.java:496)
	at org.testng.Assert.assertTrue(Assert.java:42)
	at com.mrosupply.automation.AddQtyToCart.testAddQtyToCart(AddQtyToCart.java:152)
	at sun.reflect.NativeMethodAccessorImpl.invoke0(Native Method)
	at sun.reflect.NativeMethodAccessorImpl.invoke(Unknown Source)
	at sun.reflect.DelegatingMethodAccessorImpl.invoke(Unknown Source)
	at java.lang.reflect.Method.invoke(Unknown Source)
	at org.testng.internal.MethodInvocationHelper.invokeMethod(MethodInvocationHelper.java:85)
	at org.testng.internal.Invoker.invokeMethod(Invoker.java:659)
	at org.testng.internal.Invoker.invokeTestMethod(Invoker.java:845)
	at org.testng.internal.Invoker.invokeTestMethods(Invoker.java:1153)
	at org.testng.internal.TestMethodWorker.invokeTestMethods(TestMethodWorker.java:125)
	at org.testng.internal.TestMethodWorker.run(TestMethodWorker.java:108)
	at org.testng.TestRunner.privateRun(TestRunner.java:771)
	at org.testng.TestRunner.run(TestRunner.java:621)
	at org.testng.SuiteRunner.runTest(SuiteRunner.java:357)
	at org.testng.SuiteRunner.runSequentially(SuiteRunner.java:352)
	at org.testng.SuiteRunner.privateRun(SuiteRunner.java:310)
	at org.testng.SuiteRunner.run(SuiteRunner.java:259)
	at org.testng.SuiteRunnerWorker.runSuite(SuiteRunnerWorker.java:52)
	at org.testng.SuiteRunnerWorker.run(SuiteRunnerWorker.java:86)
	at org.testng.TestNG.runSuitesSequentially(TestNG.java:1199)
	at org.testng.TestNG.runSuitesLocally(TestNG.java:1124)
	at org.testng.TestNG.run(TestNG.java:1032)
	at org.testng.remote.RemoteTestNG.run(RemoteTestNG.java:111)
	at org.testng.remote.RemoteTestNG.initAndRun(RemoteTestNG.java:204)
	at org.testng.remote.RemoteTestNG.main(RemoteTestNG.java:175)
]]>
    </failure>
  </testcase> <!-- testAddQtyToCart -->
</testsuite> <!-- com.mrosupply.automation.AddQtyToCart -->
