<!DOCTYPE html PUBLIC "-//W3C//DTD XHTML 1.1//EN" "http://www.w3.org/TR/xhtml11/DTD/xhtml11.dtd">
<html xmlns="http://www.w3.org/1999/xhtml"><head><title>TestNG Report</title><style type="text/css">table {margin-bottom:10px;border-collapse:collapse;empty-cells:show}th,td {border:1px solid #009;padding:.25em .5em}th {vertical-align:bottom}td {vertical-align:top}table a {font-weight:bold}.stripe td {background-color: #E6EBF9}.num {text-align:right}.passedodd td {background-color: #3F3}.passedeven td {background-color: #0A0}.skippedodd td {background-color: #DDD}.skippedeven td {background-color: #CCC}.failedodd td,.attn {background-color: #F33}.failedeven td,.stripe .attn {background-color: #D00}.stacktrace {white-space:pre;font-family:monospace}.totop {font-size:85%;text-align:center;border-bottom:2px solid #000}</style></head><body><table><tr><th>Test</th><th># Passed</th><th># Skipped</th><th># Failed</th><th>Time (ms)</th><th>Included Groups</th><th>Excluded Groups</th></tr><tr><th colspan="7">Suite</th></tr><tr><td><a href="#t0">Test</a></td><td class="num">2</td><td class="num">0</td><td class="num attn">12</td><td class="num">551,938</td><td></td><td></td></tr></table><table><thead><tr><th>Class</th><th>Method</th><th>Start</th><th>Time (ms)</th></tr></thead><tbody><tr><th colspan="4">Suite</th></tr></tbody><tbody id="t0"><tr><th colspan="4">Test &#8212; failed</th></tr><tr class="failedeven"><td rowspan="1">com.mrosupply.automation.AddItemToShoppingCartTest</td><td><a href="#m0">testAddItemToShoppingCartTest</a></td><td rowspan="1">1438667791529</td><td rowspan="1">6356</td></tr><tr class="failedodd"><td rowspan="5">com.mrosupply.automation.AddQtyToCart</td><td><a href="#m1">testAddQtyToCart</a></td><td rowspan="5">1438668087361</td><td rowspan="5">36984</td></tr><tr class="failedodd"><td><a href="#m2">testAddQtyToCart</a></td></tr><tr class="failedodd"><td><a href="#m3">testAddQtyToCart</a></td></tr><tr class="failedodd"><td><a href="#m4">testAddQtyToCart</a></td></tr><tr class="failedodd"><td><a href="#m5">testAddQtyToCart</a></td></tr><tr class="failedeven"><td rowspan="1">com.mrosupply.automation.DeleteItemFromShoppingCartTest</td><td><a href="#m6">testDeleteItemFromShoppingCartTest</a></td><td rowspan="1">1438667760309</td><td rowspan="1">31216</td></tr><tr class="failedodd"><td rowspan="1">com.mrosupply.automation.IncrementsOfQuantityOnlyTest</td><td><a href="#m7">incrementsOfQuantityOnlyTest</a></td><td rowspan="1">1438668238636</td><td rowspan="1">23195</td></tr><tr class="failedeven"><td rowspan="1">com.mrosupply.automation.IncrementsOfQuantityOnly_1_Test</td><td><a href="#m8">testIncrementsOfQuantityOnly_1</a></td><td rowspan="1">1438668198402</td><td rowspan="1">25951</td></tr><tr class="failedodd"><td rowspan="1">com.mrosupply.automation.ItemsInCartFromProductDetailsPageTest</td><td><a href="#m9">testItemsInCartFromProductDetailsPage</a></td><td rowspan="1">1438668230258</td><td rowspan="1">8373</td></tr><tr class="failedeven"><td rowspan="1">com.mrosupply.automation.NoDuplicateItemInShoppingCartTest</td><td><a href="#m10">testNoDuplicateItemInShoppingCart</a></td><td rowspan="1">1438667797895</td><td rowspan="1">289456</td></tr><tr class="failedodd"><td rowspan="1">com.mrosupply.automation.RegistrationProcessTest</td><td><a href="#m11">testRegistrationProcess</a></td><td rowspan="1">1438667732456</td><td rowspan="1">27837</td></tr><tr><th colspan="4">Test &#8212; passed</th></tr><tr class="passedeven"><td rowspan="1">com.mrosupply.automation.ForgotPasswordTest</td><td><a href="#m12">testForgotPassword</a></td><td rowspan="1">1438667709991</td><td rowspan="1">22421</td></tr><tr class="passedodd"><td rowspan="1">com.mrosupply.automation.UnableToAddObsoleteItemInTheCartTest</td><td><a href="#m13">testUnableToAddObsoleteItemInTheCart</a></td><td rowspan="1">1438668224355</td><td rowspan="1">5900</td></tr></tbody></table><h2>Test</h2><h3 id="m0">com.mrosupply.automation.AddItemToShoppingCartTest#testAddItemToShoppingCartTest</h3><table class="result"><tr><th>Messages</th></tr><tr><td><div class="messages">Navigate to brands Link <br/>Click Acme link<br/>Record first item’s item id</div></td></tr><tr><th>Exception</th></tr><tr><td><div class="stacktrace">java.lang.AssertionError: Caught Exception expected [true] but found [false]
	at com.mrosupply.automation.AddItemToShoppingCartTest.testAddItemToShoppingCartTest(AddItemToShoppingCartTest.java:102)
... Removed 27 stack frames</div></td></tr></table><p class="totop"><a href="#summary">back to summary</a></p><h3 id="m1">com.mrosupply.automation.AddQtyToCart#testAddQtyToCart</h3><table class="result"><tr class="param"><th>Parameter #1</th></tr><tr class="param stripe"><td>5</td></tr><tr><th>Messages</th></tr><tr><td><div class="messages">Navigate to brands link<br/>Click Acme link<br/>Record first item’s item id<br/>Check QTY input field is displayed or not<br/>Add quantity for the first item<br/>Add to cart<br/>Click on Cart<br/>Verify cart contents matching recorded items id</div></td></tr><tr><th>Exception</th></tr><tr><td><div class="stacktrace">java.lang.AssertionError: Caught Exception
 null expected [true] but found [false]
	at com.mrosupply.automation.AddQtyToCart.testAddQtyToCart(AddQtyToCart.java:188)
... Removed 27 stack frames</div></td></tr></table><p class="totop"><a href="#summary">back to summary</a></p><h3 id="m2">com.mrosupply.automation.AddQtyToCart#testAddQtyToCart</h3><table class="result"><tr class="param"><th>Parameter #1</th></tr><tr class="param stripe"><td>500</td></tr><tr><th>Messages</th></tr><tr><td><div class="messages">Navigate to brands link<br/>Click Acme link<br/>Record first item’s item id</div></td></tr><tr><th>Exception</th></tr><tr><td><div class="stacktrace">java.lang.AssertionError: Caught Exception
 null expected [true] but found [false]
	at com.mrosupply.automation.AddQtyToCart.testAddQtyToCart(AddQtyToCart.java:188)
... Removed 27 stack frames</div></td></tr></table><p class="totop"><a href="#summary">back to summary</a></p><h3 id="m3">com.mrosupply.automation.AddQtyToCart#testAddQtyToCart</h3><table class="result"><tr class="param"><th>Parameter #1</th></tr><tr class="param stripe"><td>1000</td></tr><tr><th>Messages</th></tr><tr><td><div class="messages">Navigate to brands link<br/>Click Acme link<br/>Record first item’s item id<br/>Check QTY input field is displayed or not<br/>Add quantity for the first item<br/>Add to cart<br/>Click on Cart<br/>Verify cart contents matching recorded items id</div></td></tr><tr><th>Exception</th></tr><tr><td><div class="stacktrace">java.lang.AssertionError: Caught Exception
 null expected [true] but found [false]
	at com.mrosupply.automation.AddQtyToCart.testAddQtyToCart(AddQtyToCart.java:188)
... Removed 27 stack frames</div></td></tr></table><p class="totop"><a href="#summary">back to summary</a></p><h3 id="m4">com.mrosupply.automation.AddQtyToCart#testAddQtyToCart</h3><table class="result"><tr class="param"><th>Parameter #1</th></tr><tr class="param stripe"><td>10000</td></tr><tr><th>Messages</th></tr><tr><td><div class="messages">Navigate to brands link<br/>Click Acme link<br/>Record first item’s item id</div></td></tr><tr><th>Exception</th></tr><tr><td><div class="stacktrace">java.lang.AssertionError: Caught Exception
 null expected [true] but found [false]
	at com.mrosupply.automation.AddQtyToCart.testAddQtyToCart(AddQtyToCart.java:188)
... Removed 27 stack frames</div></td></tr></table><p class="totop"><a href="#summary">back to summary</a></p><h3 id="m5">com.mrosupply.automation.AddQtyToCart#testAddQtyToCart</h3><table class="result"><tr class="param"><th>Parameter #1</th></tr><tr class="param stripe"><td>23</td></tr><tr><th>Messages</th></tr><tr><td><div class="messages">Navigate to brands link<br/>Click Acme link<br/>Record first item’s item id<br/>Check QTY input field is displayed or not<br/>Add quantity for the first item<br/>Add to cart<br/>Click on Cart<br/>Verify cart contents matching recorded items id</div></td></tr><tr><th>Exception</th></tr><tr><td><div class="stacktrace">java.lang.AssertionError: Caught Exception
 null expected [true] but found [false]
	at com.mrosupply.automation.AddQtyToCart.testAddQtyToCart(AddQtyToCart.java:188)
... Removed 27 stack frames</div></td></tr></table><p class="totop"><a href="#summary">back to summary</a></p><h3 id="m6">com.mrosupply.automation.DeleteItemFromShoppingCartTest#testDeleteItemFromShoppingCartTest</h3><table class="result"><tr><th>Messages</th></tr><tr><td><div class="messages">Navigate to Brands link <br/>Click Acme link<br/>Record First item’s item id<br/><br/>Add to cart<br/>Click on Cart<br/>Verify cart contents matching recorded items id</div></td></tr><tr><th>Exception</th></tr><tr><td><div class="stacktrace">java.lang.AssertionError: Caught Exception expected [true] but found [false]
	at com.mrosupply.automation.DeleteItemFromShoppingCartTest.testDeleteItemFromShoppingCartTest(DeleteItemFromShoppingCartTest.java:97)
... Removed 27 stack frames</div></td></tr></table><p class="totop"><a href="#summary">back to summary</a></p><h3 id="m7">com.mrosupply.automation.IncrementsOfQuantityOnlyTest#incrementsOfQuantityOnlyTest</h3><table class="result"><tr><th>Messages</th></tr><tr><td><div class="messages">Searching for the Product with the ID 2265610 <br/>Click On Search <br/>Click on Add to Cart<br/>Click on View Cart<br/>Change item qty to 20</div></td></tr><tr><th>Exception</th></tr><tr><td><div class="stacktrace">java.lang.AssertionError: Qty has not been changed successfully
	at com.mrosupply.automation.IncrementsOfQuantityOnlyTest.incrementsOfQuantityOnlyTest(IncrementsOfQuantityOnlyTest.java:83)
... Removed 25 stack frames</div></td></tr></table><p class="totop"><a href="#summary">back to summary</a></p><h3 id="m8">com.mrosupply.automation.IncrementsOfQuantityOnly_1_Test#testIncrementsOfQuantityOnly_1</h3><table class="result"><tr><th>Messages</th></tr><tr><td><div class="messages">Click on &apos;Brands&apos; link<br/>Click &apos;Acme&apos; link<br/>Record first item’s item id<br/>Add to cart<br/>Click on Cart button<br/>Change item qty to 0</div></td></tr><tr><th>Exception</th></tr><tr><td><div class="stacktrace">java.lang.AssertionError: Text has not been successfully added into qty_search field
	at com.mrosupply.automation.IncrementsOfQuantityOnly_1_Test.testIncrementsOfQuantityOnly_1(IncrementsOfQuantityOnly_1_Test.java:80)
... Removed 25 stack frames</div></td></tr></table><p class="totop"><a href="#summary">back to summary</a></p><h3 id="m9">com.mrosupply.automation.ItemsInCartFromProductDetailsPageTest#testItemsInCartFromProductDetailsPage</h3><table class="result"><tr><th>Messages</th></tr><tr><td><div class="messages">Navigate to brands link<br/>Click Acme link<br/>Record First item’s item id</div></td></tr><tr><th>Exception</th></tr><tr><td><div class="stacktrace">java.lang.AssertionError: Caught Exception expected [true] but found [false]
	at com.mrosupply.automation.ItemsInCartFromProductDetailsPageTest.testItemsInCartFromProductDetailsPage(ItemsInCartFromProductDetailsPageTest.java:118)
... Removed 27 stack frames</div></td></tr></table><p class="totop"><a href="#summary">back to summary</a></p><h3 id="m10">com.mrosupply.automation.NoDuplicateItemInShoppingCartTest#testNoDuplicateItemInShoppingCart</h3><table class="result"><tr><th>Messages</th></tr><tr><td><div class="messages">Emptying the cart before the test<br/>Navigate to brands link<br/>Click Acme link<br/>Add to cart<br/>Verify that &apos;Product added to your cart&apos; message displays</div></td></tr><tr><th>Exception</th></tr><tr><td><div class="stacktrace">java.lang.AssertionError: Caught Exception expected [true] but found [false]
	at com.mrosupply.automation.NoDuplicateItemInShoppingCartTest.testNoDuplicateItemInShoppingCart(NoDuplicateItemInShoppingCartTest.java:101)
... Removed 27 stack frames</div></td></tr></table><p class="totop"><a href="#summary">back to summary</a></p><h3 id="m11">com.mrosupply.automation.RegistrationProcessTest#testRegistrationProcess</h3><table class="result"><tr class="param"><th>Parameter #1</th><th>Parameter #2</th><th>Parameter #3</th><th>Parameter #4</th><th>Parameter #5</th><th>Parameter #6</th><th>Parameter #7</th><th>Parameter #8</th></tr><tr class="param stripe"><td>earth533</td><td>earth533</td><td>Abhik</td><td>Khandelwal</td><td>1111111111</td><td>Btm Layout</td><td>Anchorage</td><td>99501</td></tr><tr><th colspan="8">Messages</th></tr><tr><td colspan="8"><div class="messages">Click &apos;Register&apos; <br/>User info : Filling  info for Registration step 1<br/>User info : Successfully Filled  info for Registration step 1<br/>Click Next<br/>Shipping Info:  Fill in info for Registration step 2</div></td></tr><tr><th colspan="8">Exception</th></tr><tr><td colspan="8"><div class="stacktrace">java.lang.AssertionError: 2nd step - Text has not been entered into FirstName text field
	at com.mrosupply.automation.RegistrationProcessTest.testRegistrationProcess(RegistrationProcessTest.java:122)
... Removed 25 stack frames</div></td></tr></table><p class="totop"><a href="#summary">back to summary</a></p><h3 id="m12">com.mrosupply.automation.ForgotPasswordTest#testForgotPassword</h3><table class="result"><tr><th>Messages</th></tr><tr><td><div class="messages">Click on Sign-in button<br/>Click on &apos;Click  Here&apos;<br/>Enter Mail Id<br/>click on Reset button<br/>Verify that ‘Email with further instructions about password reset has been sent&apos; is displayed</div></td></tr></table><p class="totop"><a href="#summary">back to summary</a></p><h3 id="m13">com.mrosupply.automation.UnableToAddObsoleteItemInTheCartTest#testUnableToAddObsoleteItemInTheCart</h3><table class="result"><tr><th>Messages</th></tr><tr><td><div class="messages">Navigate to MRO Supply Website<br/>Search after an Obsolete item (our case 672155 )<br/>Try to add item to cart and Verify that is not possible<br/>Finishing the 8th test Unable To Add Obsolete Item In The Cart</div></td></tr></table><p class="totop"><a href="#summary">back to summary</a></p></body></html>